2014-03-15 21:20:42,955 - [INFO] - from play in pool-4-thread-1 
Listening for HTTP on /0:0:0:0:0:0:0:0:9000

2014-03-15 21:20:52,528 - [INFO] - from play in play-internal-execution-context-1 
database [default] connected at jdbc:mysql://localhost/parkers_test?characterEncoding=UTF-8

2014-03-15 21:20:52,630 - [INFO] - from play in play-internal-execution-context-1 
Application started (Dev)

2014-03-15 21:22:14,547 - [INFO] - from play in play-internal-execution-context-1 
database [default] connected at jdbc:mysql://localhost/parkers_test?characterEncoding=UTF-8

2014-03-15 21:22:14,557 - [INFO] - from play in play-internal-execution-context-1 
Application started (Dev)

2014-03-15 21:30:13,339 - [INFO] - from play in play-internal-execution-context-1 
database [default] connected at jdbc:mysql://localhost/parkers_test?characterEncoding=UTF-8

2014-03-15 21:30:13,345 - [INFO] - from play in play-internal-execution-context-1 
Application started (Dev)

2014-03-15 21:30:40,208 - [INFO] - from play in play-internal-execution-context-1 
database [default] connected at jdbc:mysql://localhost/parkers_test?characterEncoding=UTF-8

2014-03-15 21:30:40,213 - [INFO] - from play in play-internal-execution-context-1 
Application started (Dev)

2014-03-15 21:30:58,822 - [INFO] - from play in play-internal-execution-context-1 
database [default] connected at jdbc:mysql://localhost/parkers_test?characterEncoding=UTF-8

2014-03-15 21:30:58,827 - [INFO] - from play in play-internal-execution-context-1 
Application started (Dev)

2014-03-15 21:31:20,023 - [INFO] - from play in play-internal-execution-context-1 
database [default] connected at jdbc:mysql://localhost/parkers_test?characterEncoding=UTF-8

2014-03-15 21:31:20,028 - [INFO] - from play in play-internal-execution-context-1 
Application started (Dev)

2014-03-15 21:32:51,971 - [INFO] - from play in play-internal-execution-context-1 
database [default] connected at jdbc:mysql://localhost/parkers_test?characterEncoding=UTF-8

2014-03-15 21:32:51,976 - [INFO] - from play in play-internal-execution-context-1 
Application started (Dev)

2014-03-15 21:33:53,733 - [INFO] - from play in play-internal-execution-context-1 
database [default] connected at jdbc:mysql://localhost/parkers_test?characterEncoding=UTF-8

2014-03-15 21:33:53,739 - [INFO] - from play in play-internal-execution-context-1 
Application started (Dev)

2014-03-15 21:38:59,455 - [INFO] - from play in play-internal-execution-context-1 
database [default] connected at jdbc:mysql://localhost/parkers_test?characterEncoding=UTF-8

2014-03-15 21:38:59,459 - [INFO] - from play in play-internal-execution-context-1 
Application started (Dev)

